20:19:41: Creating resource group General
20:19:41: Creating resource group Internal
20:19:41: Creating resource group Autodetect
20:19:41: SceneManagerFactory for type 'DefaultSceneManager' registered.
20:19:41: Registering ResourceManager for type Material
20:19:41: Registering ResourceManager for type Mesh
20:19:41: Registering ResourceManager for type Skeleton
20:19:41: MovableObjectFactory for type 'ParticleSystem' registered.
20:19:41: ArchiveFactory for archive type FileSystem registered.
20:19:41: ArchiveFactory for archive type Zip registered.
20:19:41: ArchiveFactory for archive type EmbeddedZip registered.
20:19:41: DDS codec registering
20:19:41: FreeImage version: 3.18.0
20:19:41: This program uses FreeImage, a free, open source image library supporting all common bitmap formats. See http://freeimage.sourceforge.net for details
20:19:41: Supported formats: bmp,ico,jpg,jif,jpeg,jpe,jng,koa,iff,lbm,mng,pbm,pbm,pcd,pcx,pgm,pgm,png,ppm,ppm,ras,tga,targa,tif,tiff,wap,wbmp,wbm,psd,psb,cut,xbm,xpm,gif,hdr,g3,sgi,rgb,rgba,bw,exr,j2k,j2c,jp2,pfm,pct,pict,pic,3fr,arw,bay,bmq,cap,cine,cr2,crw,cs1,dc2,dcr,drf,dsc,dng,erf,fff,ia,iiq,k25,kc2,kdc,mdc,mef,mos,mrw,nef,nrw,orf,pef,ptx,pxn,qtk,raf,raw,rdc,rw2,rwl,rwz,sr2,srf,srw,sti,x3f,webp,jxr,wdp,hdp
20:19:41: ETC codec registering
20:19:41: Registering ResourceManager for type HighLevelGpuProgram
20:19:41: Registering ResourceManager for type Compositor
20:19:41: MovableObjectFactory for type 'Entity' registered.
20:19:41: MovableObjectFactory for type 'Light' registered.
20:19:41: MovableObjectFactory for type 'BillboardSet' registered.
20:19:41: MovableObjectFactory for type 'ManualObject' registered.
20:19:41: MovableObjectFactory for type 'BillboardChain' registered.
20:19:41: MovableObjectFactory for type 'RibbonTrail' registered.
20:19:41: Loading library .\RenderSystem_GL
20:19:41: Installing plugin: GL RenderSystem
20:19:41: OpenGL Rendering Subsystem created.
20:19:41: Plugin successfully installed
20:19:41: Loading library .\Plugin_OctreeSceneManager
20:19:41: Installing plugin: Octree Scene Manager
20:19:41: Plugin successfully installed
20:19:41: *-*-* OGRE Initialising
20:19:41: *-*-* Version 1.9.0 (Ghadamon)
20:19:41: CPU Identifier & Features
20:19:41: -------------------------
20:19:41:  *   CPU ID: GenuineIntel: Intel(R) Core(TM) i5-4690 CPU @ 3.50GHz
20:19:41:  *      SSE: yes
20:19:41:  *     SSE2: yes
20:19:41:  *     SSE3: yes
20:19:41:  *      MMX: yes
20:19:41:  *   MMXEXT: yes
20:19:41:  *    3DNOW: no
20:19:41:  * 3DNOWEXT: no
20:19:41:  *     CMOV: yes
20:19:41:  *      TSC: yes
20:19:41:  *      FPU: yes
20:19:41:  *      PRO: yes
20:19:41:  *       HT: no
20:19:41: -------------------------
20:19:41: *** Starting Win32GL Subsystem ***
20:19:41: Registering ResourceManager for type Texture
20:19:41: GLRenderSystem::_createRenderWindow "Slice & Slice : Made By JonghyunChae", 1024x768 windowed  miscParams: FSAA=0 FSAAHint= colourDepth=32 displayFrequency=0 gamma=false vsync=false vsyncInterval=1 
20:19:41: Created Win32Window 'Slice & Slice : Made By JonghyunChae' : 1040x807, 32bpp
20:19:41: GL_VERSION = 4.5.0 NVIDIA 368.39
20:19:41: GL_VENDOR = NVIDIA Corporation
20:19:41: GL_RENDERER = GeForce GTX 960/PCIe/SSE2
20:19:41: GL_EXTENSIONS = GL_AMD_multi_draw_indirect GL_AMD_seamless_cubemap_per_texture GL_AMD_vertex_shader_viewport_index GL_AMD_vertex_shader_layer GL_ARB_arrays_of_arrays GL_ARB_base_instance GL_ARB_bindless_texture GL_ARB_blend_func_extended GL_ARB_buffer_storage GL_ARB_clear_buffer_object GL_ARB_clear_texture GL_ARB_clip_control GL_ARB_color_buffer_float GL_ARB_compatibility GL_ARB_compressed_texture_pixel_storage GL_ARB_conservative_depth GL_ARB_compute_shader GL_ARB_compute_variable_group_size GL_ARB_conditional_render_inverted GL_ARB_copy_buffer GL_ARB_copy_image GL_ARB_cull_distance GL_ARB_debug_output GL_ARB_depth_buffer_float GL_ARB_depth_clamp GL_ARB_depth_texture GL_ARB_derivative_control GL_ARB_direct_state_access GL_ARB_draw_buffers GL_ARB_draw_buffers_blend GL_ARB_draw_indirect GL_ARB_draw_elements_base_vertex GL_ARB_draw_instanced GL_ARB_enhanced_layouts GL_ARB_ES2_compatibility GL_ARB_ES3_compatibility GL_ARB_ES3_1_compatibility GL_ARB_ES3_2_compatibility GL_ARB_explicit_attrib_location GL_ARB_explicit_uniform_location GL_ARB_fragment_coord_conventions GL_ARB_fragment_layer_viewport GL_ARB_fragment_program GL_ARB_fragment_program_shadow GL_ARB_fragment_shader GL_ARB_fragment_shader_interlock GL_ARB_framebuffer_no_attachments GL_ARB_framebuffer_object GL_ARB_framebuffer_sRGB GL_ARB_geometry_shader4 GL_ARB_get_program_binary GL_ARB_get_texture_sub_image GL_ARB_gpu_shader5 GL_ARB_gpu_shader_fp64 GL_ARB_gpu_shader_int64 GL_ARB_half_float_pixel GL_ARB_half_float_vertex GL_ARB_imaging GL_ARB_indirect_parameters GL_ARB_instanced_arrays GL_ARB_internalformat_query GL_ARB_internalformat_query2 GL_ARB_invalidate_subdata GL_ARB_map_buffer_alignment GL_ARB_map_buffer_range GL_ARB_multi_bind GL_ARB_multi_draw_indirect GL_ARB_multisample GL_ARB_multitexture GL_ARB_occlusion_query GL_ARB_occlusion_query2 GL_ARB_parallel_shader_compile GL_ARB_pipeline_statistics_query GL_ARB_pixel_buffer_object GL_ARB_point_parameters GL_ARB_point_sprite GL_ARB_post_depth_coverage GL_ARB_program_interface_query GL_ARB_provoking_vertex GL_ARB_query_buffer_object GL_ARB_robust_buffer_access_behavior GL_ARB_robustness GL_ARB_sample_locations GL_ARB_sample_shading GL_ARB_sampler_objects GL_ARB_seamless_cube_map GL_ARB_seamless_cubemap_per_texture GL_ARB_separate_shader_objects GL_ARB_shader_atomic_counter_ops GL_ARB_shader_atomic_counters GL_ARB_shader_ballot GL_ARB_shader_bit_encoding GL_ARB_shader_clock GL_ARB_shader_draw_parameters GL_ARB_shader_group_vote GL_ARB_shader_image_load_store GL_ARB_shader_image_size GL_ARB_shader_objects GL_ARB_shader_precision GL_ARB_shader_storage_buffer_object GL_ARB_shader_subroutine GL_ARB_shader_texture_image_samples GL_ARB_shader_texture_lod GL_ARB_shading_language_100 GL_ARB_shader_viewport_layer_array GL_ARB_shading_language_420pack GL_ARB_shading_language_include GL_ARB_shading_language_packing GL_ARB_shadow GL_ARB_sparse_buffer GL_ARB_sparse_texture GL_ARB_sparse_texture2 GL_ARB_sparse_texture_clamp GL_ARB_stencil_texturing GL_ARB_sync GL_ARB_tessellation_shader GL_ARB_texture_barrier GL_ARB_texture_border_clamp GL_ARB_texture_buffer_object GL_ARB_texture_buffer_object_rgb32 GL_ARB_texture_buffer_range GL_ARB_texture_compression GL_ARB_texture_compression_bptc GL_ARB_texture_compression_rgtc GL_ARB_texture_cube_map GL_ARB_texture_cube_map_array GL_ARB_texture_env_add GL_ARB_texture_env_combine GL_ARB_texture_env_crossbar GL_ARB_texture_env_dot3 GL_ARB_texture_filter_minmax GL_ARB_texture_float GL_ARB_texture_gather GL_ARB_texture_mirror_clamp_to_edge GL_ARB_texture_mirrored_repeat GL_ARB_texture_multisample GL_ARB_texture_non_power_of_two GL_ARB_texture_query_levels GL_ARB_texture_query_lod GL_ARB_texture_rectangle GL_ARB_texture_rg GL_ARB_texture_rgb10_a2ui GL_ARB_texture_stencil8 GL_ARB_texture_storage GL_ARB_texture_storage_multisample GL_ARB_texture_swizzle GL_ARB_texture_view GL_ARB_timer_query GL_ARB_transform_feedback2 GL_ARB_transform_feedback3 GL_ARB_transform_feedback_instanced GL_ARB_transform_feedback_overflow_query GL_ARB_transpose_matrix GL_ARB_uniform_buffer_object GL_ARB_vertex_array_bgra GL_ARB_vertex_array_object GL_ARB_vertex_attrib_64bit GL_ARB_vertex_attrib_binding GL_ARB_vertex_buffer_object GL_ARB_vertex_program GL_ARB_vertex_shader GL_ARB_vertex_type_10f_11f_11f_rev GL_ARB_vertex_type_2_10_10_10_rev GL_ARB_viewport_array GL_ARB_window_pos GL_ATI_draw_buffers GL_ATI_texture_float GL_ATI_texture_mirror_once GL_S3_s3tc GL_EXT_texture_env_add GL_EXT_abgr GL_EXT_bgra GL_EXT_bindable_uniform GL_EXT_blend_color GL_EXT_blend_equation_separate GL_EXT_blend_func_separate GL_EXT_blend_minmax GL_EXT_blend_subtract GL_EXT_compiled_vertex_array GL_EXT_Cg_shader GL_EXT_depth_bounds_test GL_EXT_direct_state_access GL_EXT_draw_buffers2 GL_EXT_draw_instanced GL_EXT_draw_range_elements GL_EXT_fog_coord GL_EXT_framebuffer_blit GL_EXT_framebuffer_multisample GL_EXTX_framebuffer_mixed_formats GL_EXT_framebuffer_multisample_blit_scaled GL_EXT_framebuffer_object GL_EXT_framebuffer_sRGB GL_EXT_geometry_shader4 GL_EXT_gpu_program_parameters GL_EXT_gpu_shader4 GL_EXT_multi_draw_arrays GL_EXT_packed_depth_stencil GL_EXT_packed_float GL_EXT_packed_pixels GL_EXT_pixel_buffer_object GL_EXT_point_parameters GL_EXT_polygon_offset_clamp GL_EXT_post_depth_coverage GL_EXT_provoking_vertex GL_EXT_raster_multisample GL_EXT_rescale_normal GL_EXT_secondary_color GL_EXT_separate_shader_objects GL_EXT_separate_specular_color GL_EXT_shader_image_load_formatted GL_EXT_shader_image_load_store GL_EXT_shader_integer_mix GL_EXT_shadow_funcs GL_EXT_sparse_texture2 GL_EXT_stencil_two_side GL_EXT_stencil_wrap GL_EXT_texture3D GL_EXT_texture_array GL_EXT_texture_buffer_object GL_EXT_texture_compression_dxt1 GL_EXT_texture_compression_latc GL_EXT_texture_compression_rgtc GL_EXT_texture_compression_s3tc GL_EXT_texture_cube_map GL_EXT_texture_edge_clamp GL_EXT_texture_env_combine GL_EXT_texture_env_dot3 GL_EXT_texture_filter_anisotropic GL_EXT_texture_filter_minmax GL_EXT_texture_integer GL_EXT_texture_lod GL_EXT_texture_lod_bias GL_EXT_texture_mirror_clamp GL_EXT_texture_object GL_EXT_texture_shared_exponent GL_EXT_texture_sRGB GL_EXT_texture_sRGB_decode GL_EXT_texture_storage GL_EXT_texture_swizzle GL_EXT_timer_query GL_EXT_transform_feedback2 GL_EXT_vertex_array GL_EXT_vertex_array_bgra GL_EXT_vertex_attrib_64bit GL_EXT_import_sync_object GL_IBM_rasterpos_clip GL_IBM_texture_mirrored_repeat GL_KHR_context_flush_control GL_KHR_debug GL_KHR_no_error GL_KHR_robust_buffer_access_behavior GL_KHR_robustness GL_KTX_buffer_region GL_NV_bindless_multi_draw_indirect GL_NV_bindless_multi_draw_indirect_count GL_NV_bindless_texture GL_NV_blend_equation_advanced GL_NV_blend_equation_advanced_coherent GL_NV_blend_square GL_NV_command_list GL_NV_compute_program5 GL_NV_conditional_render GL_NV_conservative_raster GL_NV_conservative_raster_dilate GL_NV_copy_depth_to_color GL_NV_copy_image GL_NV_depth_buffer_float GL_NV_depth_clamp GL_NV_draw_texture GL_NV_draw_vulkan_image GL_NV_ES1_1_compatibility GL_NV_ES3_1_compatibility GL_NV_explicit_multisample GL_NV_fence GL_NV_fill_rectangle GL_NV_float_buffer GL_NV_fog_distance GL_NV_fragment_coverage_to_color GL_NV_fragment_program GL_NV_fragment_program_option GL_NV_fragment_program2 GL_NV_fragment_shader_interlock GL_NV_framebuffer_mixed_samples GL_NV_framebuffer_multisample_coverage GL_NV_geometry_shader4 GL_NV_geometry_shader_passthrough GL_NV_gpu_program4 GL_NV_internalformat_sample_query GL_NV_gpu_program4_1 GL_NV_gpu_program5 GL_NV_gpu_program5_mem_extended GL_NV_gpu_program_fp64 GL_NV_gpu_shader5 GL_NV_half_float GL_NV_light_max_exponent GL_NV_multisample_coverage GL_NV_multisample_filter_hint GL_NV_occlusion_query GL_NV_packed_depth_stencil GL_NV_parameter_buffer_object GL_NV_parameter_buffer_object2 GL_NV_path_rendering GL_NV_path_rendering_shared_edge GL_NV_pixel_data_range GL_NV_point_sprite GL_NV_primitive_restart GL_NV_register_combiners GL_NV_register_combiners2 GL_NV_sample_locations GL_NV_sample_mask_override_coverage GL_NV_shader_atomic_counters GL_NV_shader_atomic_float GL_NV_shader_atomic_fp16_vector GL_NV_shader_atomic_int64 GL_NV_shader_buffer_load GL_NV_shader_storage_buffer_object GL_NV_texgen_reflection GL_NV_texture_barrier GL_NV_texture_compression_vtc GL_NV_texture_env_combine4 GL_NV_texture_multisample GL_NV_texture_rectangle GL_NV_texture_shader GL_NV_texture_shader2 GL_NV_texture_shader3 GL_NV_transform_feedback GL_NV_transform_feedback2 GL_NV_uniform_buffer_unified_memory GL_NV_vertex_array_range GL_NV_vertex_array_range2 GL_NV_vertex_attrib_integer_64bit GL_NV_vertex_buffer_unified_memory GL_NV_vertex_program GL_NV_vertex_program1_1 GL_NV_vertex_program2 GL_NV_vertex_program2_option GL_NV_vertex_program3 GL_NV_viewport_array2 GL_NV_viewport_swizzle GL_NVX_conditional_render GL_NVX_gpu_memory_info GL_NVX_multigpu_info GL_NVX_nvenc_interop GL_NV_shader_thread_group GL_NV_shader_thread_shuffle GL_KHR_blend_equation_advanced GL_KHR_blend_equation_advanced_coherent GL_SGIS_generate_mipmap GL_SGIS_texture_lod GL_SGIX_depth_texture GL_SGIX_shadow GL_SUN_slice_accum GL_WIN_swap_hint WGL_EXT_swap_control 
20:19:41: Supported WGL extensions: WGL_ARB_buffer_region WGL_ARB_create_context WGL_ARB_create_context_profile WGL_ARB_create_context_robustness WGL_ARB_context_flush_control WGL_ARB_extensions_string WGL_ARB_make_current_read WGL_ARB_multisample WGL_ARB_pbuffer WGL_ARB_pixel_format WGL_ARB_pixel_format_float WGL_ARB_render_texture WGL_ATI_pixel_format_float WGL_EXT_create_context_es_profile WGL_EXT_create_context_es2_profile WGL_EXT_extensions_string WGL_EXT_framebuffer_sRGB WGL_EXT_pixel_format_packed_float WGL_EXT_swap_control WGL_EXT_swap_control_tear WGL_NVX_DX_interop WGL_NV_DX_interop WGL_NV_DX_interop2 WGL_NV_bridged_display WGL_NV_copy_image WGL_NV_delay_before_swap WGL_NV_float_buffer WGL_NV_multisample_coverage WGL_NV_render_depth_texture WGL_NV_render_texture_rectangle 
20:19:41: ***************************
20:19:41: *** GL Renderer Started ***
20:19:41: ***************************
20:19:41: Registering ResourceManager for type GpuProgram
20:19:41: GLSL support detected
20:19:41: GL: Using GL_EXT_framebuffer_object for rendering to textures (best)
20:19:41: FBO PF_UNKNOWN depth/stencil support: D0S8 D16S0 D24S0 D32S0 Packed-D24S8 
20:19:41: FBO PF_L8 depth/stencil support: D0S0 D0S8 D16S0 D24S0 D32S0 Packed-D24S8 
20:19:41: FBO PF_A8 depth/stencil support: D0S0 D0S8 D16S0 D24S0 D32S0 Packed-D24S8 
20:19:42: FBO PF_A4L4 depth/stencil support: D0S0 D0S8 D16S0 D24S0 D32S0 Packed-D24S8 
20:19:42: FBO PF_BYTE_LA depth/stencil support: D0S0 D0S8 D16S0 D24S0 D32S0 Packed-D24S8 
20:19:42: FBO PF_R5G6B5 depth/stencil support: D0S0 D0S8 D16S0 D24S0 D32S0 Packed-D24S8 
20:19:42: FBO PF_B5G6R5 depth/stencil support: D0S0 D0S8 D16S0 D24S0 D32S0 Packed-D24S8 
20:19:42: FBO PF_A4R4G4B4 depth/stencil support: D0S0 D0S8 D16S0 D24S0 D32S0 Packed-D24S8 
20:19:42: FBO PF_A1R5G5B5 depth/stencil support: D0S0 D0S8 D16S0 D24S0 D32S0 Packed-D24S8 
20:19:42: FBO PF_R8G8B8 depth/stencil support: D0S0 D0S8 D16S0 D24S0 D32S0 Packed-D24S8 
20:19:42: FBO PF_B8G8R8 depth/stencil support: D0S0 D0S8 D16S0 D24S0 D32S0 Packed-D24S8 
20:19:42: FBO PF_A8R8G8B8 depth/stencil support: D0S0 D0S8 D16S0 D24S0 D32S0 Packed-D24S8 
20:19:42: FBO PF_B8G8R8A8 depth/stencil support: D0S0 D0S8 D16S0 D24S0 D32S0 Packed-D24S8 
20:19:42: FBO PF_A2R10G10B10 depth/stencil support: D0S0 D0S8 D16S0 D24S0 D32S0 Packed-D24S8 
20:19:43: FBO PF_A2B10G10R10 depth/stencil support: D0S0 D0S8 D16S0 D24S0 D32S0 Packed-D24S8 
20:19:43: FBO PF_FLOAT16_RGB depth/stencil support: D0S0 D0S8 D16S0 D24S0 D32S0 Packed-D24S8 
20:19:43: FBO PF_FLOAT16_RGBA depth/stencil support: D0S0 D0S8 D16S0 D24S0 D32S0 Packed-D24S8 
20:19:43: FBO PF_FLOAT32_RGB depth/stencil support: D0S0 D0S8 D16S0 D24S0 D32S0 Packed-D24S8 
20:19:43: FBO PF_FLOAT32_RGBA depth/stencil support: D0S0 D0S8 D16S0 D24S0 D32S0 Packed-D24S8 
20:19:43: FBO PF_X8R8G8B8 depth/stencil support: D0S0 D0S8 D16S0 D24S0 D32S0 Packed-D24S8 
20:19:43: FBO PF_X8B8G8R8 depth/stencil support: D0S0 D0S8 D16S0 D24S0 D32S0 Packed-D24S8 
20:19:43: FBO PF_SHORT_RGBA depth/stencil support: D0S0 D0S8 D16S0 D24S0 D32S0 Packed-D24S8 
20:19:43: FBO PF_R3G3B2 depth/stencil support: D0S0 D0S8 D16S0 D24S0 D32S0 Packed-D24S8 
20:19:43: FBO PF_FLOAT16_R depth/stencil support: D0S0 D0S8 D16S0 D24S0 D32S0 Packed-D24S8 
20:19:43: FBO PF_FLOAT32_R depth/stencil support: D0S0 D0S8 D16S0 D24S0 D32S0 Packed-D24S8 
20:19:43: FBO PF_FLOAT16_GR depth/stencil support: D0S0 D0S8 D16S0 D24S0 D32S0 Packed-D24S8 
20:19:44: FBO PF_FLOAT32_GR depth/stencil support: D0S0 D0S8 D16S0 D24S0 D32S0 Packed-D24S8 
20:19:44: FBO PF_SHORT_RGB depth/stencil support: D0S0 D0S8 D16S0 D24S0 D32S0 Packed-D24S8 
20:19:44: [GL] : Valid FBO targets PF_UNKNOWN PF_L8 PF_A8 PF_A4L4 PF_BYTE_LA PF_R5G6B5 PF_B5G6R5 PF_A4R4G4B4 PF_A1R5G5B5 PF_R8G8B8 PF_B8G8R8 PF_A8R8G8B8 PF_B8G8R8A8 PF_A2R10G10B10 PF_A2B10G10R10 PF_FLOAT16_RGB PF_FLOAT16_RGBA PF_FLOAT32_RGB PF_FLOAT32_RGBA PF_X8R8G8B8 PF_X8B8G8R8 PF_SHORT_RGBA PF_R3G3B2 PF_FLOAT16_R PF_FLOAT32_R PF_FLOAT16_GR PF_FLOAT32_GR PF_SHORT_RGB 
20:19:44: RenderSystem capabilities
20:19:44: -------------------------
20:19:44: RenderSystem Name: OpenGL Rendering Subsystem
20:19:44: GPU Vendor: nvidia
20:19:44: Device Name: GeForce GTX 960/PCIe/SSE2
20:19:44: Driver Version: 4.5.0.0
20:19:44:  * Fixed function pipeline: yes
20:19:44:  * Hardware generation of mipmaps: yes
20:19:44:  * Texture blending: yes
20:19:44:  * Anisotropic texture filtering: yes
20:19:44:  * Dot product texture operation: yes
20:19:44:  * Cube mapping: yes
20:19:44:  * Hardware stencil buffer: yes
20:19:44:    - Stencil depth: 8
20:19:44:    - Two sided stencil support: yes
20:19:44:    - Wrap stencil values: yes
20:19:44:  * Hardware vertex / index buffers: yes
20:19:44:  * 32-bit index buffers: yes
20:19:44:  * Vertex programs: yes
20:19:44:  * Number of floating-point constants for vertex programs: 1024
20:19:44:  * Number of integer constants for vertex programs: 0
20:19:44:  * Number of boolean constants for vertex programs: 0
20:19:44:  * Fragment programs: yes
20:19:44:  * Number of floating-point constants for fragment programs: 1024
20:19:44:  * Number of integer constants for fragment programs: 0
20:19:44:  * Number of boolean constants for fragment programs: 0
20:19:44:  * Geometry programs: yes
20:19:44:  * Number of floating-point constants for geometry programs: 2048
20:19:44:  * Number of integer constants for geometry programs: 0
20:19:44:  * Number of boolean constants for geometry programs: 0
20:19:44:  * Tesselation Hull programs: no
20:19:44:  * Number of floating-point constants for tesselation hull programs: 248
20:19:44:  * Number of integer constants for tesselation hull programs: 0
20:19:44:  * Number of boolean constants for tesselation hull programs: 1025
20:19:44:  * Tesselation Domain programs: no
20:19:44:  * Number of floating-point constants for tesselation domain programs: 1025
20:19:44:  * Number of integer constants for tesselation domain programs: 124
20:19:44:  * Number of boolean constants for tesselation domain programs: 0
20:19:44:  * Compute programs: no
20:19:44:  * Number of floating-point constants for compute programs: 128
20:19:44:  * Number of integer constants for compute programs: 124
20:19:44:  * Number of boolean constants for compute programs: 0
20:19:44:  * Supported Shader Profiles: arbfp1 arbvp1 fp20 fp30 fp40 glsl glsl100 glsl110 glsl120 gp4fp gp4gp gp4vp gpu_fp gpu_gp gpu_vp nvgp4 vp30 vp40
20:19:44:  * Texture Compression: yes
20:19:44:    - DXT: yes
20:19:44:    - VTC: yes
20:19:44:    - PVRTC: no
20:19:44:    - ATC: no
20:19:44:    - ETC1: no
20:19:44:    - ETC2: no
20:19:44:    - BC4/BC5: no
20:19:44:    - BC6H/BC7: no
20:19:44:  * Scissor Rectangle: yes
20:19:44:  * Hardware Occlusion Query: yes
20:19:44:  * User clip planes: yes
20:19:44:  * VET_UBYTE4 vertex element type: yes
20:19:44:  * Infinite far plane projection: yes
20:19:44:  * Hardware render-to-texture: yes
20:19:44:  * Floating point textures: yes
20:19:44:  * Non-power-of-two textures: yes
20:19:44:  * 1d textures: yes
20:19:44:  * Volume textures: yes
20:19:44:  * Multiple Render Targets: 8
20:19:44:    - With different bit depths: yes
20:19:44:  * Point Sprites: yes
20:19:44:  * Extended point parameters: yes
20:19:44:  * Max Point Size: 2047
20:19:44:  * Vertex texture fetch: yes
20:19:44:  * Number of world matrices: 0
20:19:44:  * Number of texture units: 16
20:19:44:  * Stencil buffer depth: 8
20:19:44:  * Number of vertex blend matrices: 0
20:19:44:    - Max vertex textures: 32
20:19:44:    - Vertex textures shared: yes
20:19:44:  * Render to Vertex Buffer : yes
20:19:44:  * Hardware Atomic Counters: no
20:19:44:  * GL 1.5 without VBO workaround: no
20:19:44:  * Frame Buffer objects: yes
20:19:44:  * Frame Buffer objects (ARB extension): no
20:19:44:  * Frame Buffer objects (ATI extension): no
20:19:44:  * PBuffer support: yes
20:19:44:  * GL 1.5 without HW-occlusion workaround: no
20:19:44:  * Vertex Array Objects: no
20:19:44:  * Separate shader objects: no
20:19:44: DefaultWorkQueue('Root') initialising on thread 3ee0.
20:19:44: DefaultWorkQueue('Root')::WorkerFunc - thread 3fc4 starting.
20:19:44: Particle Renderer Type 'billboard' registered
20:19:44: DefaultWorkQueue('Root')::WorkerFunc - thread 1024 starting.
20:19:44: DefaultWorkQueue('Root')::WorkerFunc - thread 4128 starting.
20:19:44: DefaultWorkQueue('Root')::WorkerFunc - thread 360c starting.
20:19:44: SceneManagerFactory for type 'OctreeSceneManager' registered.
20:19:44: OverlayElementFactory for type Panel registered.
20:19:44: OverlayElementFactory for type BorderPanel registered.
20:19:44: OverlayElementFactory for type TextArea registered.
20:19:44: Registering ResourceManager for type Font
20:19:44: Added resource location 'resource.zip' of type 'Zip' to resource group 'General'
20:19:44: Added resource location './' of type 'FileSystem' to resource group 'General'
20:19:44: Parsing scripts for resource group Autodetect
20:19:44: Finished parsing scripts for resource group Autodetect
20:19:44: Creating resources for group Autodetect
20:19:44: All done
20:19:44: Parsing scripts for resource group General
20:19:44: Parsing script axes.material
20:19:44: Parsing script BillBoard.material
20:19:44: Parsing script Dustin.material
20:19:44: Compiler error: fewer parameters expected in resource/Dustin.material(14): texture_alias must have at most 1 argument
20:19:44: Compiler error: fewer parameters expected in resource/Dustin.material(35): texture_alias must have at most 1 argument
20:19:44: Compiler error: fewer parameters expected in resource/Dustin.material(56): texture_alias must have at most 1 argument
20:19:44: Compiler error: fewer parameters expected in resource/Dustin.material(77): texture_alias must have at most 1 argument
20:19:44: Compiler error: fewer parameters expected in resource/Dustin.material(98): texture_alias must have at most 1 argument
20:19:44: Parsing script fish.material
20:19:44: Parsing script game_over.material
20:19:44: Parsing script Idle.material
20:19:44: Parsing script Idle2.material
20:19:44: Parsing script Information.material
20:19:44: Parsing script KPU_LOGO.material
20:19:44: Parsing script ninja.material
20:19:44: Parsing script Rock.material
20:19:44: Parsing script Sky.material
20:19:44: Parsing script SkyBox.material
20:19:44: Parsing script Slash.material
20:19:44: Parsing script Sphere.material
20:19:44: Parsing script Terrain.material
20:19:44: Parsing script UI.material
20:19:44: Parsing script Walk.material
20:19:44: Parsing script WarZombie_Attack.material
20:19:44: Parsing script WarZombie_Death.material
20:19:44: Parsing script WarZombie_Idle.material
20:19:44: Parsing script WarZombie_Walk.material
20:19:44: Parsing script lecture.fontdef
20:19:44: Parsing script GameOver.overlay
20:19:44: Texture: game_over.jpg: Loading 1 faces(PF_R8G8B8,1200x800x1) with 10 hardware generated mipmaps from Image. Internal format is PF_X8R8G8B8,1200x800x1.
20:19:44: Parsing script Information.overlay
20:19:44: Texture: DebugBG.png: Loading 1 faces(PF_A8R8G8B8,256x128x1) with 8 hardware generated mipmaps from Image. Internal format is PF_A8R8G8B8,256x128x1.
20:19:44: Parsing script Title.overlay
20:19:44: Texture: Title.jpg: Loading 1 faces(PF_R8G8B8,686x404x1) with 9 hardware generated mipmaps from Image. Internal format is PF_X8R8G8B8,686x404x1.
20:19:44: Parsing script UI.overlay
20:19:44: Texture: HPtool.png: Loading 1 faces(PF_A8R8G8B8,300x50x1) with 8 hardware generated mipmaps from Image. Internal format is PF_A8R8G8B8,300x50x1.
20:19:44: Texture: HP.png: Loading 1 faces(PF_A8R8G8B8,300x15x1) with 8 hardware generated mipmaps from Image. Internal format is PF_A8R8G8B8,300x15x1.
20:19:44: Finished parsing scripts for resource group General
20:19:44: Creating resources for group General
20:19:44: All done
20:19:44: Parsing scripts for resource group Internal
20:19:44: Finished parsing scripts for resource group Internal
20:19:44: Creating resources for group Internal
20:19:44: All done
20:19:44: Font Font/NanumBold18 using texture size 4096x4096
20:19:44: Info: Freetype returned null for character 160 in font Font/NanumBold18
20:19:44: Info: Freetype returned null for character 12644 in font Font/NanumBold18
20:19:44: Texture: Font/NanumBold18Texture: Loading 1 faces(PF_BYTE_LA,4096x4096x1) Internal format is PF_BYTE_LA,4096x4096x1.
20:19:45: Mesh: Loading Idle.mesh.
20:19:45: Skeleton: Loading Idle.skeleton
20:19:45: Texture: Rengar_base_TX_CM.png: Loading 1 faces(PF_A8R8G8B8,512x512x1) with 9 hardware generated mipmaps from Image. Internal format is PF_A8R8G8B8,512x512x1.
20:19:45: WARNING: the mesh 'Idle.mesh' includes vertices with more than 4 bone assignments. The lowest weighted assignments beyond this limit have been removed, so your animation may look slightly different. To eliminate this, reduce the number of bone assignments per vertex on your mesh to 4.
20:19:45: Mesh: Loading Walk.mesh.
20:19:45: Skeleton: Loading Walk.skeleton
20:19:45: WARNING: the mesh 'Walk.mesh' includes vertices with more than 4 bone assignments. The lowest weighted assignments beyond this limit have been removed, so your animation may look slightly different. To eliminate this, reduce the number of bone assignments per vertex on your mesh to 4.
20:19:45: Mesh: Loading Slash.mesh.
20:19:45: Skeleton: Loading Slash.skeleton
20:19:45: WARNING: the mesh 'Slash.mesh' includes vertices with more than 4 bone assignments. The lowest weighted assignments beyond this limit have been removed, so your animation may look slightly different. To eliminate this, reduce the number of bone assignments per vertex on your mesh to 4.
20:19:45: Mesh: Loading Death.mesh.
20:19:45: Skeleton: Loading Death.skeleton
20:19:45: WARNING: the mesh 'Death.mesh' includes vertices with more than 4 bone assignments. The lowest weighted assignments beyond this limit have been removed, so your animation may look slightly different. To eliminate this, reduce the number of bone assignments per vertex on your mesh to 4.
20:19:45: Mesh: Loading WarZombie_Idle.mesh.
20:19:45: Skeleton: Loading WarZombie_Idle.skeleton
20:19:45: Texture: world_war_zombie_diffuse.png: Loading 1 faces(PF_R8G8B8,2048x2048x1) with 11 hardware generated mipmaps from Image. Internal format is PF_X8R8G8B8,2048x2048x1.
20:19:45: Mesh: Loading WarZombie_Walk.mesh.
20:19:45: Skeleton: Loading WarZombie_Walk.skeleton
20:19:45: Mesh: Loading WarZombie_Attack.mesh.
20:19:45: Skeleton: Loading WarZombie_Attack.skeleton
20:19:45: Mesh: Loading WarZombie_Death.mesh.
20:19:45: Skeleton: Loading WarZombie_Death.skeleton
20:19:45: Mesh: Loading Sphere001.mesh.
20:19:45: Can't assign material GridPlaneMaterial to the ManualObject GridPlane because this Material does not exist. Have you forgotten to define it in a .material script?
20:19:45: Texture: Floor_02.jpg: Loading 1 faces(PF_R8G8B8,512x512x1) with 9 hardware generated mipmaps from Image. Internal format is PF_X8R8G8B8,512x512x1.
20:19:45: Texture: Marble01.png: Loading 1 faces(PF_A8R8G8B8,225x225x1) with 7 hardware generated mipmaps from Image. Internal format is PF_A8R8G8B8,225x225x1.
20:19:45: Mesh: Loading Rock.mesh.
20:19:45: Can't assign material Material#26 to SubEntity of Rocks  0 because this Material does not exist. Have you forgotten to define it in a .material script?
20:19:45: Can't assign material Material#26 to SubEntity of Rocks  1 because this Material does not exist. Have you forgotten to define it in a .material script?
20:19:45: Can't assign material Material#26 to SubEntity of Rocks  2 because this Material does not exist. Have you forgotten to define it in a .material script?
20:19:45: Can't assign material Material#26 to SubEntity of Rocks  3 because this Material does not exist. Have you forgotten to define it in a .material script?
20:19:45: Can't assign material Material#26 to SubEntity of Rocks  4 because this Material does not exist. Have you forgotten to define it in a .material script?
20:19:45: Can't assign material Material#26 to SubEntity of Rocks  5 because this Material does not exist. Have you forgotten to define it in a .material script?
20:19:45: Can't assign material Material#26 to SubEntity of Rocks  6 because this Material does not exist. Have you forgotten to define it in a .material script?
20:19:45: Can't assign material Material#26 to SubEntity of Rocks  7 because this Material does not exist. Have you forgotten to define it in a .material script?
20:19:45: Can't assign material Material#26 to SubEntity of Rocks  8 because this Material does not exist. Have you forgotten to define it in a .material script?
20:19:45: Can't assign material Material#26 to SubEntity of Rocks  9 because this Material does not exist. Have you forgotten to define it in a .material script?
20:19:45: Can't assign material Material#26 to SubEntity of Rocks 10 because this Material does not exist. Have you forgotten to define it in a .material script?
20:19:45: Can't assign material Material#26 to SubEntity of Rocks 11 because this Material does not exist. Have you forgotten to define it in a .material script?
20:19:45: Can't assign material Material#26 to SubEntity of Rocks 12 because this Material does not exist. Have you forgotten to define it in a .material script?
20:19:45: Can't assign material Material#26 to SubEntity of Rocks 13 because this Material does not exist. Have you forgotten to define it in a .material script?
20:19:45: Can't assign material Material#26 to SubEntity of Rocks 14 because this Material does not exist. Have you forgotten to define it in a .material script?
20:19:45: Can't assign material Material#26 to SubEntity of Rocks 15 because this Material does not exist. Have you forgotten to define it in a .material script?
20:19:45: Can't assign material Material#26 to SubEntity of Rocks 16 because this Material does not exist. Have you forgotten to define it in a .material script?
20:19:45: Can't assign material Material#26 to SubEntity of Rocks 17 because this Material does not exist. Have you forgotten to define it in a .material script?
20:19:45: Can't assign material Material#26 to SubEntity of Rocks 18 because this Material does not exist. Have you forgotten to define it in a .material script?
20:19:45: Can't assign material Material#26 to SubEntity of Rocks 19 because this Material does not exist. Have you forgotten to define it in a .material script?
20:19:45: Can't assign material Material#26 to SubEntity of Rocks 20 because this Material does not exist. Have you forgotten to define it in a .material script?
20:19:45: Can't assign material Material#26 to SubEntity of Rocks 21 because this Material does not exist. Have you forgotten to define it in a .material script?
20:19:45: Can't assign material Material#26 to SubEntity of Rocks 22 because this Material does not exist. Have you forgotten to define it in a .material script?
20:19:45: Can't assign material Material#26 to SubEntity of Rocks 23 because this Material does not exist. Have you forgotten to define it in a .material script?
20:19:45: Can't assign material Material#26 to SubEntity of Rocks 24 because this Material does not exist. Have you forgotten to define it in a .material script?
20:19:45: Can't assign material Material#26 to SubEntity of Rocks 25 because this Material does not exist. Have you forgotten to define it in a .material script?
20:19:45: Can't assign material Material#26 to SubEntity of Rocks 26 because this Material does not exist. Have you forgotten to define it in a .material script?
20:19:45: Can't assign material Material#26 to SubEntity of Rocks 27 because this Material does not exist. Have you forgotten to define it in a .material script?
20:19:45: Can't assign material Material#26 to SubEntity of Rocks 28 because this Material does not exist. Have you forgotten to define it in a .material script?
20:19:45: Can't assign material Material#26 to SubEntity of Rocks 29 because this Material does not exist. Have you forgotten to define it in a .material script?
20:19:45: Can't assign material Material#26 to SubEntity of Rocks 30 because this Material does not exist. Have you forgotten to define it in a .material script?
20:19:45: Can't assign material Material#26 to SubEntity of Rocks 31 because this Material does not exist. Have you forgotten to define it in a .material script?
20:19:45: Can't assign material Material#26 to SubEntity of Rocks 32 because this Material does not exist. Have you forgotten to define it in a .material script?
20:19:45: Can't assign material Material#26 to SubEntity of Rocks 33 because this Material does not exist. Have you forgotten to define it in a .material script?
20:19:45: Can't assign material Material#26 to SubEntity of Rocks 34 because this Material does not exist. Have you forgotten to define it in a .material script?
20:19:45: Can't assign material Material#26 to SubEntity of Rocks 35 because this Material does not exist. Have you forgotten to define it in a .material script?
20:19:45: Can't assign material Material#26 to SubEntity of Rocks 36 because this Material does not exist. Have you forgotten to define it in a .material script?
20:19:45: Can't assign material Material#26 to SubEntity of Rocks 37 because this Material does not exist. Have you forgotten to define it in a .material script?
20:19:45: Can't assign material Material#26 to SubEntity of Rocks 38 because this Material does not exist. Have you forgotten to define it in a .material script?
20:19:45: Can't assign material Material#26 to SubEntity of Rocks 39 because this Material does not exist. Have you forgotten to define it in a .material script?
20:19:45: Can't assign material Material#26 to SubEntity of Rocks 40 because this Material does not exist. Have you forgotten to define it in a .material script?
20:19:45: Can't assign material Material#26 to SubEntity of Rocks 41 because this Material does not exist. Have you forgotten to define it in a .material script?
20:19:45: Can't assign material Material#26 to SubEntity of Rocks 42 because this Material does not exist. Have you forgotten to define it in a .material script?
20:19:45: Can't assign material Material#26 to SubEntity of Rocks 43 because this Material does not exist. Have you forgotten to define it in a .material script?
20:19:45: Can't assign material Material#26 to SubEntity of Rocks 44 because this Material does not exist. Have you forgotten to define it in a .material script?
20:19:45: Can't assign material Material#26 to SubEntity of Rocks 45 because this Material does not exist. Have you forgotten to define it in a .material script?
20:19:45: Can't assign material Material#26 to SubEntity of Rocks 46 because this Material does not exist. Have you forgotten to define it in a .material script?
20:19:45: Can't assign material Material#26 to SubEntity of Rocks 47 because this Material does not exist. Have you forgotten to define it in a .material script?
20:19:45: Can't assign material Material#26 to SubEntity of Rocks 48 because this Material does not exist. Have you forgotten to define it in a .material script?
20:19:45: Can't assign material Material#26 to SubEntity of Rocks 49 because this Material does not exist. Have you forgotten to define it in a .material script?
20:19:45: Texture: SkyBox_Front_3.jpg: Loading 1 faces(PF_R8G8B8,1024x1024x1) with 10 hardware generated mipmaps from Image. Internal format is PF_X8R8G8B8,1024x1024x1.
20:19:45: Texture: SkyBox_Back_3.jpg: Loading 1 faces(PF_R8G8B8,1024x1024x1) with 10 hardware generated mipmaps from Image. Internal format is PF_X8R8G8B8,1024x1024x1.
20:19:45: Texture: SkyBox_Left_3.jpg: Loading 1 faces(PF_R8G8B8,1024x1024x1) with 10 hardware generated mipmaps from Image. Internal format is PF_X8R8G8B8,1024x1024x1.
20:19:45: Texture: SkyBox_Right_3.jpg: Loading 1 faces(PF_R8G8B8,1024x1024x1) with 10 hardware generated mipmaps from Image. Internal format is PF_X8R8G8B8,1024x1024x1.
20:19:45: Texture: SkyBox_Top_3.jpg: Loading 1 faces(PF_R8G8B8,1024x1024x1) with 10 hardware generated mipmaps from Image. Internal format is PF_X8R8G8B8,1024x1024x1.
20:19:45: Texture: SkyBox_Bottom_3.jpg: Loading 1 faces(PF_R8G8B8,1024x1024x1) with 10 hardware generated mipmaps from Image. Internal format is PF_X8R8G8B8,1024x1024x1.
20:19:45: OGRE EXCEPTION(7:InternalErrorException): Cannot load GL vertex program Ogre/ShadowExtrudeDirLightFiniteDebug.  Line 295:
line 12, column 5:  error: invalid destination variable
line 13, column 5:  error: invalid destination variable
line 14, column 13:  error: invalid operand variable
 in Ogre/ShadowExtrudeDirLightFiniteDebug at E:\Work\Source\OGRE\RenderSystems\GL\src\OgreGLGpuProgram.cpp (line 251)
20:19:45: Gpu program Ogre/ShadowExtrudeDirLightFiniteDebug encountered an error during loading and is thus not supported.
20:19:45: Texture: spot_shadow_fade.png: Loading 1 faces(PF_R8G8B8,128x128x1) with 7 hardware generated mipmaps from Image. Internal format is PF_X8R8G8B8,128x128x1.
